2020-03-23 15:24:50,991 - INFO - client - Адреса хоста выбран по умолчанию
2020-03-23 15:24:50,991 - INFO - client - Порт хоста выбран по умолчанию
2020-03-23 15:24:50,998 - INFO - client - Адреса хоста выбран по умолчанию
2020-03-23 15:24:50,998 - INFO - client - Порт хоста выбран по умолчанию
2020-03-23 16:13:11,155 - INFO - client - Адреса хоста выбран по умолчанию
2020-03-23 16:13:11,156 - INFO - client - Порт хоста выбран по умолчанию
2020-03-23 16:13:11,164 - INFO - client - Адреса хоста выбран по умолчанию
2020-03-23 16:13:11,164 - INFO - client - Порт хоста выбран по умолчанию
2020-03-23 16:14:28,955 - INFO - client - Адреса хоста выбран по умолчанию
2020-03-23 16:14:28,955 - INFO - client - Порт хоста выбран по умолчанию
2020-03-23 16:14:28,966 - INFO - client - Адреса хоста выбран по умолчанию
2020-03-23 16:14:28,966 - INFO - client - Порт хоста выбран по умолчанию
2020-03-23 16:14:29,463 - INFO - utils - Получен ответ от сервера
2020-03-23 16:14:29,472 - INFO - decors - Функция get_responseВызов из модуля common.utils. Вызов из функции main_client().Вызов из функции main_client
2020-03-23 17:27:39,488 - INFO - client - Адреса хоста выбран по умолчанию
2020-03-23 17:27:39,488 - INFO - client - Порт хоста выбран по умолчанию
2020-03-23 17:27:39,496 - INFO - client - Адреса хоста выбран по умолчанию
2020-03-23 17:27:39,496 - INFO - client - Порт хоста выбран по умолчанию
2020-03-23 17:27:39,995 - INFO - utils - Получен ответ от сервера
2020-03-23 17:27:40,011 - INFO - decors - Функция get_responseВызов из модуля common.utils. Вызов из функции main_client().Вызов из функции main_client
2020-03-23 17:27:46,733 - INFO - client - Адреса хоста выбран по умолчанию
2020-03-23 17:27:46,733 - INFO - client - Порт хоста выбран по умолчанию
2020-03-23 17:27:46,742 - INFO - client - Адреса хоста выбран по умолчанию
2020-03-23 17:27:46,743 - INFO - client - Порт хоста выбран по умолчанию
2020-03-23 17:27:55,234 - INFO - client - Адреса хоста выбран по умолчанию
2020-03-23 17:27:55,234 - INFO - client - Порт хоста выбран по умолчанию
2020-03-23 17:27:55,241 - INFO - client - Адреса хоста выбран по умолчанию
2020-03-23 17:27:55,242 - INFO - client - Порт хоста выбран по умолчанию
2020-03-23 17:27:55,742 - INFO - utils - Получен ответ от сервера
2020-03-23 17:27:55,762 - INFO - decors - Функция get_responseВызов из модуля common.utils. Вызов из функции main_client().Вызов из функции main_client
2020-03-23 17:31:07,942 - INFO - client - Адреса хоста выбран по умолчанию
2020-03-23 17:31:07,942 - INFO - client - Порт хоста выбран по умолчанию
2020-03-23 17:31:07,950 - INFO - client - Адреса хоста выбран по умолчанию
2020-03-23 17:31:07,950 - INFO - client - Порт хоста выбран по умолчанию
2020-03-23 17:31:08,448 - INFO - utils - Получен ответ от сервера
2020-03-23 17:31:08,473 - INFO - decors - Функция get_responseВызов из модуля common.utils. Вызов из функции main_client().Вызов из функции main_client
2020-03-24 09:42:40,328 - INFO - client - Адреса хоста выбран по умолчанию
2020-03-24 09:42:40,331 - INFO - client - Порт хоста выбран по умолчанию
2020-03-24 09:43:41,403 - INFO - client - Адреса хоста выбран по умолчанию
2020-03-24 09:43:41,404 - INFO - client - Порт хоста выбран по умолчанию
2020-03-24 09:43:41,414 - INFO - client - Адреса хоста выбран по умолчанию
2020-03-24 09:43:41,414 - INFO - client - Порт хоста выбран по умолчанию
2020-03-24 09:44:44,244 - INFO - client - Адреса хоста выбран по умолчанию
2020-03-24 09:44:44,244 - INFO - client - Порт хоста выбран по умолчанию
2020-03-24 09:44:44,260 - INFO - client - Адреса хоста выбран по умолчанию
2020-03-24 09:44:44,260 - INFO - client - Порт хоста выбран по умолчанию
2020-03-24 09:46:24,364 - INFO - client - Адреса хоста выбран по умолчанию
2020-03-24 09:46:24,364 - INFO - client - Порт хоста выбран по умолчанию
2020-03-24 09:46:24,372 - INFO - client - Адреса хоста выбран по умолчанию
2020-03-24 09:46:24,372 - INFO - client - Порт хоста выбран по умолчанию
2020-03-24 09:54:16,795 - INFO - client - Адреса хоста выбран по умолчанию
2020-03-24 09:54:16,795 - INFO - client - Порт хоста выбран по умолчанию
2020-03-24 09:54:16,805 - INFO - client - Адреса хоста выбран по умолчанию
2020-03-24 09:54:16,806 - INFO - client - Порт хоста выбран по умолчанию
2020-03-24 10:00:47,062 - INFO - client - Адреса хоста выбран по умолчанию
2020-03-24 10:00:47,062 - INFO - client - Порт хоста выбран по умолчанию
2020-03-24 10:00:47,066 - INFO - client - Адреса хоста выбран по умолчанию
2020-03-24 10:00:47,066 - INFO - client - Порт хоста выбран по умолчанию
2020-03-24 10:20:21,761 - INFO - client - Адреса хоста выбран по умолчанию
2020-03-24 10:20:21,761 - INFO - client - Порт хоста выбран по умолчанию
2020-03-24 10:20:21,772 - INFO - client - Адреса хоста выбран по умолчанию
2020-03-24 10:20:21,772 - INFO - client - Порт хоста выбран по умолчанию
2020-03-24 10:20:40,418 - INFO - client - Адреса хоста выбран по умолчанию
2020-03-24 10:20:40,418 - INFO - client - Порт хоста выбран по умолчанию
2020-03-24 10:20:40,419 - INFO - client - Адреса хоста выбран по умолчанию
2020-03-24 10:20:40,419 - INFO - client - Порт хоста выбран по умолчанию
2020-03-24 10:22:17,443 - INFO - client - Адреса хоста выбран по умолчанию
2020-03-24 10:22:17,443 - INFO - client - Порт хоста выбран по умолчанию
2020-03-24 10:22:17,449 - INFO - client - Адреса хоста выбран по умолчанию
2020-03-24 10:22:17,449 - INFO - client - Порт хоста выбран по умолчанию
2020-03-24 10:24:01,484 - INFO - client - Адреса хоста выбран по умолчанию
2020-03-24 10:24:01,484 - INFO - client - Порт хоста выбран по умолчанию
2020-03-24 10:24:19,894 - INFO - client - Адреса хоста выбран по умолчанию
2020-03-24 10:24:19,894 - INFO - client - Порт хоста выбран по умолчанию
2020-03-24 10:26:06,427 - INFO - client - Адреса хоста выбран по умолчанию
2020-03-24 10:26:06,427 - INFO - client - Порт хоста выбран по умолчанию
2020-03-24 10:26:06,436 - INFO - client - Адреса хоста выбран по умолчанию
2020-03-24 10:26:06,437 - INFO - client - Порт хоста выбран по умолчанию
2020-03-24 10:26:58,149 - INFO - client - Адреса хоста выбран по умолчанию
2020-03-24 10:26:58,149 - INFO - client - Порт хоста выбран по умолчанию
2020-03-24 10:27:00,258 - INFO - decors - Функция create_messageВызов из модуля common.utils. Вызов из функции main_client().Вызов из функции main_client
2020-03-24 10:27:00,258 - INFO - utils - Отправлено сообщение на сервер
2020-03-24 10:27:00,259 - INFO - decors - Функция send_messageВызов из модуля common.utils. Вызов из функции main_client().Вызов из функции main_client
2020-03-24 10:27:08,011 - INFO - decors - Функция create_messageВызов из модуля common.utils. Вызов из функции main_client().Вызов из функции main_client
2020-03-24 10:27:08,011 - INFO - utils - Отправлено сообщение на сервер
2020-03-24 10:27:08,012 - INFO - decors - Функция send_messageВызов из модуля common.utils. Вызов из функции main_client().Вызов из функции main_client
2020-03-24 10:27:24,489 - INFO - client - Адреса хоста выбран по умолчанию
2020-03-24 10:27:24,489 - INFO - client - Порт хоста выбран по умолчанию
2020-03-24 10:27:24,496 - INFO - client - Адреса хоста выбран по умолчанию
2020-03-24 10:27:24,497 - INFO - client - Порт хоста выбран по умолчанию
2020-03-24 10:27:30,217 - INFO - decors - Функция create_messageВызов из модуля common.utils. Вызов из функции main_client().Вызов из функции main_client
2020-03-24 10:27:30,217 - INFO - utils - Отправлено сообщение на сервер
2020-03-24 10:27:30,218 - INFO - decors - Функция send_messageВызов из модуля common.utils. Вызов из функции main_client().Вызов из функции main_client
2020-03-24 10:30:08,871 - INFO - client - Адреса хоста выбран по умолчанию
2020-03-24 10:30:08,871 - INFO - client - Порт хоста выбран по умолчанию
2020-03-24 10:30:08,876 - INFO - client - Адреса хоста выбран по умолчанию
2020-03-24 10:30:08,876 - INFO - client - Порт хоста выбран по умолчанию
2020-03-24 10:30:13,777 - INFO - decors - Функция create_messageВызов из модуля common.utils. Вызов из функции main_client().Вызов из функции main_client
2020-03-24 10:30:13,777 - INFO - utils - Отправлено сообщение на сервер
2020-03-24 10:30:13,778 - INFO - decors - Функция send_messageВызов из модуля common.utils. Вызов из функции main_client().Вызов из функции main_client
2020-03-24 10:31:16,494 - INFO - client - Адреса хоста выбран по умолчанию
2020-03-24 10:31:16,494 - INFO - client - Порт хоста выбран по умолчанию
2020-03-24 10:31:36,108 - INFO - client - Адреса хоста выбран по умолчанию
2020-03-24 10:31:36,108 - INFO - client - Порт хоста выбран по умолчанию
2020-03-24 10:31:38,602 - INFO - decors - Функция create_messageВызов из модуля common.utils. Вызов из функции main_client().Вызов из функции main_client
2020-03-24 10:31:38,602 - INFO - utils - Отправлено сообщение на сервер
2020-03-24 10:31:38,603 - INFO - decors - Функция send_messageВызов из модуля common.utils. Вызов из функции main_client().Вызов из функции main_client
2020-03-24 10:31:45,196 - INFO - decors - Функция create_messageВызов из модуля common.utils. Вызов из функции main_client().Вызов из функции main_client
2020-03-24 10:31:45,196 - INFO - utils - Отправлено сообщение на сервер
2020-03-24 10:31:45,197 - INFO - decors - Функция send_messageВызов из модуля common.utils. Вызов из функции main_client().Вызов из функции main_client
2020-03-24 10:32:35,140 - INFO - decors - Функция create_messageВызов из модуля common.utils. Вызов из функции main_client().Вызов из функции main_client
2020-03-24 10:32:35,140 - INFO - utils - Отправлено сообщение на сервер
2020-03-24 10:32:35,141 - INFO - decors - Функция send_messageВызов из модуля common.utils. Вызов из функции main_client().Вызов из функции main_client
2020-03-24 10:33:25,126 - INFO - client - Адреса хоста выбран по умолчанию
2020-03-24 10:33:25,126 - INFO - client - Порт хоста выбран по умолчанию
2020-03-24 10:33:44,226 - INFO - decors - Функция create_messageВызов из модуля common.utils. Вызов из функции main_client().Вызов из функции main_client
2020-03-24 10:33:44,226 - INFO - utils - Отправлено сообщение на сервер
2020-03-24 10:33:44,227 - INFO - decors - Функция send_messageВызов из модуля common.utils. Вызов из функции main_client().Вызов из функции main_client
2020-03-24 10:37:03,776 - INFO - client - Адреса хоста выбран по умолчанию
2020-03-24 10:37:03,776 - INFO - client - Порт хоста выбран по умолчанию
2020-03-24 11:03:12,813 - INFO - client - Адреса хоста выбран по умолчанию
2020-03-24 11:03:12,813 - INFO - client - Порт хоста выбран по умолчанию
2020-03-24 11:03:12,823 - INFO - client - Адреса хоста выбран по умолчанию
2020-03-24 11:03:12,823 - INFO - client - Порт хоста выбран по умолчанию
2020-03-24 11:03:20,011 - INFO - decors - Функция create_messageВызов из модуля common.utils. Вызов из функции main_client().Вызов из функции main_client
2020-03-24 11:03:20,011 - INFO - utils - Отправлено сообщение на сервер
2020-03-24 11:03:20,012 - INFO - decors - Функция send_messageВызов из модуля common.utils. Вызов из функции main_client().Вызов из функции main_client
2020-03-24 11:03:20,377 - INFO - utils - Получен ответ от сервера
2020-03-24 11:03:20,396 - INFO - decors - Функция get_responseВызов из модуля common.utils. Вызов из функции main_client().Вызов из функции main_client
2020-03-24 11:03:20,396 - INFO - utils - Ответ сервера обработан
2020-03-24 11:03:20,398 - INFO - decors - Функция handle_responseВызов из модуля common.utils. Вызов из функции main_client().Вызов из функции main_client
2020-03-24 11:03:20,398 - INFO - client - Получено сообщениеaction, msg
2020-03-24 11:03:20,398 - INFO - client - Получено сообщениеtime, Tue Mar 24 11:03:20 2020
2020-03-24 11:03:20,398 - INFO - client - Получено сообщениеto, 
2020-03-24 11:03:20,398 - INFO - client - Получено сообщениеfrom, w_client
2020-03-24 11:03:20,398 - INFO - client - Получено сообщениеencoding, utf-8
2020-03-24 11:03:20,399 - INFO - client - Получено сообщениеmessage, hi
2020-03-24 11:03:24,933 - INFO - decors - Функция create_messageВызов из модуля common.utils. Вызов из функции main_client().Вызов из функции main_client
2020-03-24 11:03:24,933 - INFO - utils - Отправлено сообщение на сервер
2020-03-24 11:03:24,934 - INFO - decors - Функция send_messageВызов из модуля common.utils. Вызов из функции main_client().Вызов из функции main_client
2020-03-24 11:03:25,430 - INFO - utils - Получен ответ от сервера
2020-03-24 11:03:25,436 - INFO - decors - Функция get_responseВызов из модуля common.utils. Вызов из функции main_client().Вызов из функции main_client
2020-03-24 11:03:25,436 - INFO - utils - Ответ сервера обработан
2020-03-24 11:03:25,440 - INFO - decors - Функция handle_responseВызов из модуля common.utils. Вызов из функции main_client().Вызов из функции main_client
2020-03-24 11:03:25,440 - INFO - client - Получено сообщениеaction, msg
2020-03-24 11:03:25,440 - INFO - client - Получено сообщениеtime, Tue Mar 24 11:03:24 2020
2020-03-24 11:03:25,440 - INFO - client - Получено сообщениеto, 
2020-03-24 11:03:25,440 - INFO - client - Получено сообщениеfrom, w_client
2020-03-24 11:03:25,440 - INFO - client - Получено сообщениеencoding, utf-8
2020-03-24 11:03:25,440 - INFO - client - Получено сообщениеmessage, hi
2020-03-24 11:03:38,544 - INFO - utils - Получен ответ от сервера
2020-03-24 11:03:38,546 - INFO - decors - Функция get_responseВызов из модуля common.utils. Вызов из функции main_client().Вызов из функции main_client
2020-03-24 11:08:41,963 - INFO - client - Адреса хоста выбран по умолчанию
2020-03-24 11:08:41,963 - INFO - client - Порт хоста выбран по умолчанию
2020-03-24 11:08:41,969 - INFO - client - Адреса хоста выбран по умолчанию
2020-03-24 11:08:41,969 - INFO - client - Порт хоста выбран по умолчанию
2020-03-24 11:08:46,979 - INFO - decors - Функция create_messageВызов из модуля common.utils. Вызов из функции main_client().Вызов из функции main_client
2020-03-24 11:08:46,980 - INFO - utils - Отправлено сообщение на сервер
2020-03-24 11:08:46,980 - INFO - decors - Функция send_messageВызов из модуля common.utils. Вызов из функции main_client().Вызов из функции main_client
2020-03-24 11:08:46,990 - INFO - utils - Получен ответ от сервера
2020-03-24 11:08:46,997 - INFO - decors - Функция get_responseВызов из модуля common.utils. Вызов из функции main_client().Вызов из функции main_client
2020-03-24 11:08:46,997 - INFO - utils - Ответ сервера обработан
2020-03-24 11:08:46,998 - INFO - decors - Функция handle_responseВызов из модуля common.utils. Вызов из функции main_client().Вызов из функции main_client
2020-03-24 11:08:46,998 - INFO - client - Получено сообщениеaction, msg
2020-03-24 11:08:46,998 - INFO - client - Получено сообщениеtime, Tue Mar 24 11:08:46 2020
2020-03-24 11:08:46,998 - INFO - client - Получено сообщениеto, 
2020-03-24 11:08:46,998 - INFO - client - Получено сообщениеfrom, w_client
2020-03-24 11:08:46,998 - INFO - client - Получено сообщениеencoding, utf-8
2020-03-24 11:08:46,998 - INFO - client - Получено сообщениеmessage, hi
2020-03-24 11:08:49,477 - INFO - decors - Функция create_messageВызов из модуля common.utils. Вызов из функции main_client().Вызов из функции main_client
2020-03-24 11:08:49,477 - INFO - utils - Отправлено сообщение на сервер
2020-03-24 11:08:49,478 - INFO - decors - Функция send_messageВызов из модуля common.utils. Вызов из функции main_client().Вызов из функции main_client
2020-03-24 11:08:50,011 - INFO - utils - Получен ответ от сервера
2020-03-24 11:08:50,015 - INFO - decors - Функция get_responseВызов из модуля common.utils. Вызов из функции main_client().Вызов из функции main_client
2020-03-24 11:08:50,016 - INFO - utils - Ответ сервера обработан
2020-03-24 11:08:50,020 - INFO - decors - Функция handle_responseВызов из модуля common.utils. Вызов из функции main_client().Вызов из функции main_client
2020-03-24 11:08:50,020 - INFO - client - Получено сообщениеaction, msg
2020-03-24 11:08:50,020 - INFO - client - Получено сообщениеtime, Tue Mar 24 11:08:49 2020
2020-03-24 11:08:50,021 - INFO - client - Получено сообщениеto, 
2020-03-24 11:08:50,021 - INFO - client - Получено сообщениеfrom, w_client
2020-03-24 11:08:50,021 - INFO - client - Получено сообщениеencoding, utf-8
2020-03-24 11:08:50,021 - INFO - client - Получено сообщениеmessage, hi
2020-03-24 11:08:52,413 - INFO - decors - Функция create_messageВызов из модуля common.utils. Вызов из функции main_client().Вызов из функции main_client
2020-03-24 11:08:52,413 - INFO - utils - Отправлено сообщение на сервер
2020-03-24 11:08:52,414 - INFO - decors - Функция send_messageВызов из модуля common.utils. Вызов из функции main_client().Вызов из функции main_client
2020-03-24 11:08:53,035 - INFO - utils - Получен ответ от сервера
2020-03-24 11:08:53,040 - INFO - decors - Функция get_responseВызов из модуля common.utils. Вызов из функции main_client().Вызов из функции main_client
2020-03-24 11:08:53,040 - INFO - utils - Ответ сервера обработан
2020-03-24 11:08:53,045 - INFO - decors - Функция handle_responseВызов из модуля common.utils. Вызов из функции main_client().Вызов из функции main_client
2020-03-24 11:08:53,045 - INFO - client - Получено сообщениеaction, msg
2020-03-24 11:08:53,046 - INFO - client - Получено сообщениеtime, Tue Mar 24 11:08:52 2020
2020-03-24 11:08:53,046 - INFO - client - Получено сообщениеto, 
2020-03-24 11:08:53,046 - INFO - client - Получено сообщениеfrom, w_client
2020-03-24 11:08:53,046 - INFO - client - Получено сообщениеencoding, utf-8
2020-03-24 11:08:53,046 - INFO - client - Получено сообщениеmessage, hi
2020-03-24 11:16:34,341 - INFO - client - Адреса хоста выбран по умолчанию
2020-03-24 11:16:34,341 - INFO - client - Порт хоста выбран по умолчанию
2020-03-24 11:16:34,348 - INFO - client - Адреса хоста выбран по умолчанию
2020-03-24 11:16:34,348 - INFO - client - Порт хоста выбран по умолчанию
2020-03-24 11:16:55,032 - INFO - client - Адреса хоста выбран по умолчанию
2020-03-24 11:16:55,032 - INFO - client - Порт хоста выбран по умолчанию
2020-03-24 11:16:55,039 - INFO - client - Адреса хоста выбран по умолчанию
2020-03-24 11:16:55,039 - INFO - client - Порт хоста выбран по умолчанию
2020-03-24 11:16:55,040 - INFO - client - Адреса хоста выбран по умолчанию
2020-03-24 11:16:55,040 - INFO - client - Порт хоста выбран по умолчанию
2020-03-24 11:17:01,051 - INFO - decors - Функция create_messageВызов из модуля common.utils. Вызов из функции main_client().Вызов из функции main_client
2020-03-24 11:17:01,051 - INFO - utils - Отправлено сообщение на сервер
2020-03-24 11:17:01,052 - INFO - decors - Функция send_messageВызов из модуля common.utils. Вызов из функции main_client().Вызов из функции main_client
2020-03-24 11:17:01,065 - INFO - utils - Получен ответ от сервера
2020-03-24 11:17:01,066 - INFO - utils - Получен ответ от сервера
2020-03-24 11:17:01,073 - INFO - decors - Функция get_responseВызов из модуля common.utils. Вызов из функции main_client().Вызов из функции main_client
2020-03-24 11:17:01,073 - INFO - utils - Ответ сервера обработан
2020-03-24 11:17:01,074 - INFO - decors - Функция handle_responseВызов из модуля common.utils. Вызов из функции main_client().Вызов из функции main_client
2020-03-24 11:17:01,074 - INFO - client - Получено сообщениеaction, msg
2020-03-24 11:17:01,074 - INFO - client - Получено сообщениеtime, Tue Mar 24 11:17:01 2020
2020-03-24 11:17:01,074 - INFO - client - Получено сообщениеto, 
2020-03-24 11:17:01,074 - INFO - decors - Функция get_responseВызов из модуля common.utils. Вызов из функции main_client().Вызов из функции main_client
2020-03-24 11:17:01,074 - INFO - client - Получено сообщениеfrom, w_client
2020-03-24 11:17:01,074 - INFO - client - Получено сообщениеencoding, utf-8
2020-03-24 11:17:01,074 - INFO - utils - Ответ сервера обработан
2020-03-24 11:17:01,074 - INFO - client - Получено сообщениеmessage, hi
2020-03-24 11:17:01,075 - INFO - decors - Функция handle_responseВызов из модуля common.utils. Вызов из функции main_client().Вызов из функции main_client
2020-03-24 11:17:01,075 - INFO - client - Получено сообщениеaction, msg
2020-03-24 11:17:01,075 - INFO - client - Получено сообщениеtime, Tue Mar 24 11:17:01 2020
2020-03-24 11:17:01,075 - INFO - client - Получено сообщениеto, 
2020-03-24 11:17:01,075 - INFO - client - Получено сообщениеfrom, w_client
2020-03-24 11:17:01,075 - INFO - client - Получено сообщениеencoding, utf-8
2020-03-24 11:17:01,075 - INFO - client - Получено сообщениеmessage, hi
2020-03-24 11:17:05,413 - INFO - decors - Функция create_messageВызов из модуля common.utils. Вызов из функции main_client().Вызов из функции main_client
2020-03-24 11:17:05,413 - INFO - utils - Отправлено сообщение на сервер
2020-03-24 11:17:05,414 - INFO - decors - Функция send_messageВызов из модуля common.utils. Вызов из функции main_client().Вызов из функции main_client
2020-03-24 11:17:06,096 - INFO - utils - Получен ответ от сервера
2020-03-24 11:17:06,102 - INFO - decors - Функция get_responseВызов из модуля common.utils. Вызов из функции main_client().Вызов из функции main_client
2020-03-24 11:17:06,102 - INFO - utils - Ответ сервера обработан
2020-03-24 11:17:06,103 - INFO - utils - Получен ответ от сервера
2020-03-24 11:17:06,108 - INFO - decors - Функция handle_responseВызов из модуля common.utils. Вызов из функции main_client().Вызов из функции main_client
2020-03-24 11:17:06,108 - INFO - client - Получено сообщениеaction, msg
2020-03-24 11:17:06,108 - INFO - client - Получено сообщениеtime, Tue Mar 24 11:17:05 2020
2020-03-24 11:17:06,108 - INFO - client - Получено сообщениеto, 
2020-03-24 11:17:06,109 - INFO - client - Получено сообщениеfrom, w_client
2020-03-24 11:17:06,109 - INFO - client - Получено сообщениеencoding, utf-8
2020-03-24 11:17:06,109 - INFO - decors - Функция get_responseВызов из модуля common.utils. Вызов из функции main_client().Вызов из функции main_client
2020-03-24 11:17:06,109 - INFO - client - Получено сообщениеmessage, hi
2020-03-24 11:17:06,109 - INFO - utils - Ответ сервера обработан
2020-03-24 11:17:06,113 - INFO - decors - Функция handle_responseВызов из модуля common.utils. Вызов из функции main_client().Вызов из функции main_client
2020-03-24 11:17:06,114 - INFO - client - Получено сообщениеaction, msg
2020-03-24 11:17:06,114 - INFO - client - Получено сообщениеtime, Tue Mar 24 11:17:05 2020
2020-03-24 11:17:06,114 - INFO - client - Получено сообщениеto, 
2020-03-24 11:17:06,114 - INFO - client - Получено сообщениеfrom, w_client
2020-03-24 11:17:06,115 - INFO - client - Получено сообщениеencoding, utf-8
2020-03-24 11:17:06,115 - INFO - client - Получено сообщениеmessage, hi
2020-03-24 11:17:14,197 - INFO - decors - Функция create_messageВызов из модуля common.utils. Вызов из функции main_client().Вызов из функции main_client
2020-03-24 11:17:14,197 - INFO - utils - Отправлено сообщение на сервер
2020-03-24 11:17:14,198 - INFO - decors - Функция send_messageВызов из модуля common.utils. Вызов из функции main_client().Вызов из функции main_client
2020-03-24 11:17:15,153 - INFO - utils - Получен ответ от сервера
2020-03-24 11:17:15,158 - INFO - decors - Функция get_responseВызов из модуля common.utils. Вызов из функции main_client().Вызов из функции main_client
2020-03-24 11:17:15,158 - INFO - utils - Ответ сервера обработан
2020-03-24 11:17:15,159 - INFO - utils - Получен ответ от сервера
2020-03-24 11:17:15,164 - INFO - decors - Функция handle_responseВызов из модуля common.utils. Вызов из функции main_client().Вызов из функции main_client
2020-03-24 11:17:15,164 - INFO - client - Получено сообщениеaction, msg
2020-03-24 11:17:15,164 - INFO - client - Получено сообщениеtime, Tue Mar 24 11:17:14 2020
2020-03-24 11:17:15,164 - INFO - client - Получено сообщениеto, 
2020-03-24 11:17:15,164 - INFO - decors - Функция get_responseВызов из модуля common.utils. Вызов из функции main_client().Вызов из функции main_client
2020-03-24 11:17:15,164 - INFO - client - Получено сообщениеfrom, w_client
2020-03-24 11:17:15,165 - INFO - client - Получено сообщениеencoding, utf-8
2020-03-24 11:17:15,165 - INFO - utils - Ответ сервера обработан
2020-03-24 11:17:15,165 - INFO - client - Получено сообщениеmessage, hi
2020-03-24 11:17:15,167 - INFO - decors - Функция handle_responseВызов из модуля common.utils. Вызов из функции main_client().Вызов из функции main_client
2020-03-24 11:17:15,167 - INFO - client - Получено сообщениеaction, msg
2020-03-24 11:17:15,167 - INFO - client - Получено сообщениеtime, Tue Mar 24 11:17:14 2020
2020-03-24 11:17:15,167 - INFO - client - Получено сообщениеto, 
2020-03-24 11:17:15,167 - INFO - client - Получено сообщениеfrom, w_client
2020-03-24 11:17:15,167 - INFO - client - Получено сообщениеencoding, utf-8
2020-03-24 11:17:15,168 - INFO - client - Получено сообщениеmessage, hi
